2025-07-01T22:55:12.208Z Error: Unexpected arguments: --token, EXPO-YOUR-TOKEN-YAHANqvGf-PBga4w4ISXvy_LJAWip_PULlyBbkCnLIWQO
2025-07-01T22:55:12.208Z See more help with --help
2025-07-01T22:55:12.208Z     at validateArgs (/data/data/com.termux/files/usr/lib/node_modules/eas-cli/node_modules/@oclif/core/lib/parser/validate.js:11:19)
2025-07-01T22:55:12.208Z     at Object.validate (/data/data/com.termux/files/usr/lib/node_modules/eas-cli/node_modules/@oclif/core/lib/parser/validate.js:153:5)
2025-07-01T22:55:12.208Z     at Object.parse (/data/data/com.termux/files/usr/lib/node_modules/eas-cli/node_modules/@oclif/core/lib/parser/index.js:30:13)
2025-07-01T22:55:12.208Z     at async AccountLogin.parse (/data/data/com.termux/files/usr/lib/node_modules/eas-cli/node_modules/@oclif/core/lib/command.js:166:25)
2025-07-01T22:55:12.208Z     at async AccountLogin.runAsync (/data/data/com.termux/files/usr/lib/node_modules/eas-cli/build/commands/account/login.js:26:37)
2025-07-01T22:55:12.208Z     at async AccountLogin.run (/data/data/com.termux/files/usr/lib/node_modules/eas-cli/build/commandUtils/EasCommand.js:168:16)
2025-07-01T22:55:12.208Z     at async AccountLogin._run (/data/data/com.termux/files/usr/lib/node_modules/eas-cli/node_modules/@oclif/core/lib/command.js:80:22)
2025-07-01T22:55:12.208Z     at async Config.runCommand (/data/data/com.termux/files/usr/lib/node_modules/eas-cli/node_modules/@oclif/core/lib/config/config.js:301:25)
2025-07-01T23:03:19.331Z Error: Request failed: 500 (Internal Server Error)
2025-07-01T23:03:19.331Z     at default_1 (/data/data/com.termux/files/usr/lib/node_modules/eas-cli/build/fetch.js:30:15)
2025-07-01T23:03:19.331Z     at async createKeystoreInCloudAsync (/data/data/com.termux/files/usr/lib/node_modules/eas-cli/build/credentials/android/utils/keystore.js:126:26)
2025-07-01T23:03:19.331Z     at async createKeystoreAsync (/data/data/com.termux/files/usr/lib/node_modules/eas-cli/build/credentials/android/utils/keystore.js:62:24)
2025-07-01T23:03:19.331Z     at async generateRandomKeystoreAsync (/data/data/com.termux/files/usr/lib/node_modules/eas-cli/build/credentials/android/utils/keystore.js:40:12)
2025-07-01T23:03:19.331Z     at async CreateKeystore.provideOrGenerateAsync (/data/data/com.termux/files/usr/lib/node_modules/eas-cli/build/credentials/android/actions/CreateKeystore.js:32:16)
2025-07-01T23:03:19.331Z     at async CreateKeystore.runAsync (/data/data/com.termux/files/usr/lib/node_modules/eas-cli/build/credentials/android/actions/CreateKeystore.js:20:26)
2025-07-01T23:03:19.331Z     at async SetUpBuildCredentials.runAsync (/data/data/com.termux/files/usr/lib/node_modules/eas-cli/build/credentials/android/actions/SetUpBuildCredentials.js:39:26)
2025-07-01T23:03:19.331Z     at async AndroidCredentialsProvider.getRemoteAsync (/data/data/com.termux/files/usr/lib/node_modules/eas-cli/build/credentials/android/AndroidCredentialsProvider.js:27:34)
2025-07-01T23:03:19.331Z     at async AndroidCredentialsProvider.getCredentialsAsync (/data/data/com.termux/files/usr/lib/node_modules/eas-cli/build/credentials/android/AndroidCredentialsProvider.js:22:24)
2025-07-01T23:06:13.608Z Error: Request failed: 500 (Internal Server Error)
2025-07-01T23:06:13.608Z     at default_1 (/data/data/com.termux/files/usr/lib/node_modules/eas-cli/build/fetch.js:30:15)
2025-07-01T23:06:13.608Z     at async createKeystoreInCloudAsync (/data/data/com.termux/files/usr/lib/node_modules/eas-cli/build/credentials/android/utils/keystore.js:126:26)
2025-07-01T23:06:13.608Z     at async createKeystoreAsync (/data/data/com.termux/files/usr/lib/node_modules/eas-cli/build/credentials/android/utils/keystore.js:62:24)
2025-07-01T23:06:13.608Z     at async generateRandomKeystoreAsync (/data/data/com.termux/files/usr/lib/node_modules/eas-cli/build/credentials/android/utils/keystore.js:40:12)
2025-07-01T23:06:13.608Z     at async CreateKeystore.provideOrGenerateAsync (/data/data/com.termux/files/usr/lib/node_modules/eas-cli/build/credentials/android/actions/CreateKeystore.js:32:16)
2025-07-01T23:06:13.608Z     at async CreateKeystore.runAsync (/data/data/com.termux/files/usr/lib/node_modules/eas-cli/build/credentials/android/actions/CreateKeystore.js:20:26)
2025-07-01T23:06:13.608Z     at async SetUpBuildCredentials.runAsync (/data/data/com.termux/files/usr/lib/node_modules/eas-cli/build/credentials/android/actions/SetUpBuildCredentials.js:39:26)
2025-07-01T23:06:13.608Z     at async AndroidCredentialsProvider.getRemoteAsync (/data/data/com.termux/files/usr/lib/node_modules/eas-cli/build/credentials/android/AndroidCredentialsProvider.js:27:34)
2025-07-01T23:06:13.608Z     at async AndroidCredentialsProvider.getCredentialsAsync (/data/data/com.termux/files/usr/lib/node_modules/eas-cli/build/credentials/android/AndroidCredentialsProvider.js:22:24)
2025-07-01T23:08:48.191Z Error: Request failed: 500 (Internal Server Error)
2025-07-01T23:08:48.191Z     at default_1 (/data/data/com.termux/files/usr/lib/node_modules/eas-cli/build/fetch.js:30:15)
2025-07-01T23:08:48.191Z     at async createKeystoreInCloudAsync (/data/data/com.termux/files/usr/lib/node_modules/eas-cli/build/credentials/android/utils/keystore.js:126:26)
2025-07-01T23:08:48.191Z     at async createKeystoreAsync (/data/data/com.termux/files/usr/lib/node_modules/eas-cli/build/credentials/android/utils/keystore.js:62:24)
2025-07-01T23:08:48.191Z     at async generateRandomKeystoreAsync (/data/data/com.termux/files/usr/lib/node_modules/eas-cli/build/credentials/android/utils/keystore.js:40:12)
2025-07-01T23:08:48.191Z     at async CreateKeystore.provideOrGenerateAsync (/data/data/com.termux/files/usr/lib/node_modules/eas-cli/build/credentials/android/actions/CreateKeystore.js:32:16)
2025-07-01T23:08:48.191Z     at async CreateKeystore.runAsync (/data/data/com.termux/files/usr/lib/node_modules/eas-cli/build/credentials/android/actions/CreateKeystore.js:20:26)
2025-07-01T23:08:48.191Z     at async SetUpBuildCredentials.runAsync (/data/data/com.termux/files/usr/lib/node_modules/eas-cli/build/credentials/android/actions/SetUpBuildCredentials.js:39:26)
2025-07-01T23:08:48.191Z     at async AndroidCredentialsProvider.getRemoteAsync (/data/data/com.termux/files/usr/lib/node_modules/eas-cli/build/credentials/android/AndroidCredentialsProvider.js:27:34)
2025-07-01T23:08:48.191Z     at async AndroidCredentialsProvider.getCredentialsAsync (/data/data/com.termux/files/usr/lib/node_modules/eas-cli/build/credentials/android/AndroidCredentialsProvider.js:22:24)
2025-07-01T23:14:28.168Z TypeError: Expected `concurrency` to be a number from 1 and up
2025-07-01T23:14:28.168Z     at pLimit (~/hamzabot/node_modules/p-limit/index.js:6:9)
2025-07-01T23:14:28.168Z     at createFingerprintFromSourcesAsync (~/hamzabot/node_modules/@expo/fingerprint/build/hash/Hash.js:27:43)
2025-07-01T23:14:28.168Z     at Object.createFingerprintAsync (~/hamzabot/node_modules/@expo/fingerprint/build/Fingerprint.js:24:76)
2025-07-01T23:14:28.168Z     at async withTemporaryEnvAsync (/data/data/com.termux/files/usr/lib/node_modules/eas-cli/build/fingerprint/cli.js:78:16)
2025-07-01T23:14:28.168Z     at async createFingerprintWithoutLoggingAsync (/data/data/com.termux/files/usr/lib/node_modules/eas-cli/build/fingerprint/cli.js:72:12)
2025-07-01T23:14:28.168Z     at async createFingerprintAsync (/data/data/com.termux/files/usr/lib/node_modules/eas-cli/build/fingerprint/cli.js:36:29)
2025-07-01T23:14:28.168Z     at async computeAndMaybeUploadFingerprintWithoutExpoUpdatesAsync (/data/data/com.termux/files/usr/lib/node_modules/eas-cli/build/build/build.js:482:25)
2025-07-01T23:14:28.168Z     at async computeAndMaybeUploadRuntimeAndFingerprintMetadataAsync (/data/data/com.termux/files/usr/lib/node_modules/eas-cli/build/build/build.js:434:29)
2025-07-01T23:14:28.168Z     at async prepareBuildRequestForPlatformAsync (/data/data/com.termux/files/usr/lib/node_modules/eas-cli/build/build/build.js:86:43)
2025-07-02T10:29:58.475Z Error: adb executable doesn't seem to work. Please make sure Android Studio is installed on your device and ANDROID_HOME or ANDROID_SDK_ROOT env variables are set.
2025-07-02T10:29:58.483Z spawn adb EACCES
2025-07-02T10:29:58.483Z     at assertExecutableExistsAsync (/data/data/com.termux/files/usr/lib/node_modules/eas-cli/build/run/android/systemRequirements.js:15:15)
2025-07-02T10:29:58.483Z     at async assertExecutablesExistAsync (/data/data/com.termux/files/usr/lib/node_modules/eas-cli/build/run/android/systemRequirements.js:20:5)
2025-07-02T10:29:58.483Z     at async runAppOnAndroidEmulatorAsync (/data/data/com.termux/files/usr/lib/node_modules/eas-cli/build/run/android/run.js:9:5)
2025-07-02T10:29:58.483Z     at async runAsync (/data/data/com.termux/files/usr/lib/node_modules/eas-cli/build/run/run.js:15:9)
2025-07-02T10:29:58.483Z     at async downloadAndRunAsync (/data/data/com.termux/files/usr/lib/node_modules/eas-cli/build/build/runBuildAndSubmit.js:359:5)
2025-07-02T10:29:58.483Z     at async maybeDownloadAndRunSimulatorBuildsAsync (/data/data/com.termux/files/usr/lib/node_modules/eas-cli/build/build/runBuildAndSubmit.js:373:21)
2025-07-02T10:29:58.483Z     at async runBuildAndSubmitAsync (/data/data/com.termux/files/usr/lib/node_modules/eas-cli/build/build/runBuildAndSubmit.js:197:5)
2025-07-02T10:29:58.483Z     at async Build.runAsync (/data/data/com.termux/files/usr/lib/node_modules/eas-cli/build/commands/build/index.js:125:35)
2025-07-02T10:29:58.484Z     at async Build.run (/data/data/com.termux/files/usr/lib/node_modules/eas-cli/build/commandUtils/EasCommand.js:168:16)
